生成启动时间为 2018/1/14 3:36:54。
     1>项目“E:\文档\Visual Studio 2010\Projects\Compiler\Compiler\Compiler.vcxproj”在节点 2 上(build 个目标)。
     1>InitializeBuildStatus:
         正在创建“Debug\Compiler.unsuccessfulbuild”，因为已指定“AlwaysCreate”。
       ClCompile:
         D:\vs\VC\bin\CL.exe /c /ZI /nologo /W3 /WX- /Od /Oy- /D WIN32 /D _DEBUG /D _CONSOLE /D _UNICODE /D UNICODE /Gm /EHsc /RTC1 /MDd /GS /fp:precise /Zc:wchar_t /Zc:forScope /Fo"Debug\\" /Fd"Debug\vc100.pdb" /Gd /TP /analyze- /errorReport:prompt compiler.cpp
         compiler.cpp
     1>e:\文档\visual studio 2010\projects\compiler\compiler\compiler.cpp(2829): warning C4018: “<”: 有符号/无符号不匹配
     1>e:\文档\visual studio 2010\projects\compiler\compiler\compiler.cpp(2968): warning C4018: “<”: 有符号/无符号不匹配
     1>e:\文档\visual studio 2010\projects\compiler\compiler\compiler.cpp(3731): warning C4018: “<”: 有符号/无符号不匹配
     1>e:\文档\visual studio 2010\projects\compiler\compiler\compiler.cpp(3928): warning C4018: “<”: 有符号/无符号不匹配
     1>e:\文档\visual studio 2010\projects\compiler\compiler\compiler.cpp(4144): warning C4018: “<”: 有符号/无符号不匹配
     1>e:\文档\visual studio 2010\projects\compiler\compiler\compiler.cpp(4283): warning C4018: “<”: 有符号/无符号不匹配
     1>e:\文档\visual studio 2010\projects\compiler\compiler\compiler.cpp(5256): warning C4018: “<”: 有符号/无符号不匹配
     1>e:\文档\visual studio 2010\projects\compiler\compiler\compiler.cpp(5267): warning C4018: “<”: 有符号/无符号不匹配
       ManifestResourceCompile:
         所有输出均为最新。
       Link:
         D:\vs\VC\bin\link.exe /ERRORREPORT:PROMPT /OUT:"E:\文档\Visual Studio 2010\Projects\Compiler\Debug\Compiler.exe" /INCREMENTAL /NOLOGO kernel32.lib user32.lib gdi32.lib winspool.lib comdlg32.lib advapi32.lib shell32.lib ole32.lib oleaut32.lib uuid.lib odbc32.lib odbccp32.lib /MANIFEST /ManifestFile:"Debug\Compiler.exe.intermediate.manifest" /MANIFESTUAC:"level='asInvoker' uiAccess='false'" /DEBUG /PDB:"E:\文档\Visual Studio 2010\Projects\Compiler\Debug\Compiler.pdb" /SUBSYSTEM:CONSOLE /TLBID:1 /DYNAMICBASE /NXCOMPAT /IMPLIB:"E:\文档\Visual Studio 2010\Projects\Compiler\Debug\Compiler.lib" /MACHINE:X86 Debug\Compiler.exe.embed.manifest.res
         Debug\compiler.obj
       Manifest:
         C:\Program Files (x86)\Microsoft SDKs\Windows\v7.0A\bin\mt.exe /nologo /verbose /out:"Debug\Compiler.exe.embed.manifest" /manifest Debug\Compiler.exe.intermediate.manifest
         所有输出均为最新。
       LinkEmbedManifest:
         所有输出均为最新。
         Compiler.vcxproj -> E:\文档\Visual Studio 2010\Projects\Compiler\Debug\Compiler.exe
       FinalizeBuildStatus:
         正在删除文件“Debug\Compiler.unsuccessfulbuild”。
         正在对“Debug\Compiler.lastbuildstate”执行 Touch 任务。
     1>已完成生成项目“E:\文档\Visual Studio 2010\Projects\Compiler\Compiler\Compiler.vcxproj”(build 个目标)的操作。

生成成功。

已用时间 00:00:03.58
